
2024/01/04 (13:54:08) | ===> btop++ v.1.2.13
2024/01/04 (13:54:08) | INFO: Logger set to DEBUG
2024/01/04 (13:54:08) | DEBUG: Using locale en_US.UTF-8
2024/01/04 (13:54:08) | INFO: Running on /dev/pts/1
2024/01/04 (13:54:19) | DEBUG: Loading theme file: /usr/share/btop/themes/elementarish.theme
2024/01/04 (13:54:20) | DEBUG: Loading theme file: /usr/share/btop/themes/dusklight.theme
2024/01/04 (13:54:20) | DEBUG: Loading theme file: /usr/share/btop/themes/gruvbox_material_dark.theme
2024/01/04 (13:54:21) | DEBUG: Loading theme file: /usr/share/btop/themes/greyscale.theme
2024/01/04 (13:54:21) | DEBUG: Loading theme file: /usr/share/btop/themes/dracula.theme
2024/01/04 (13:54:21) | DEBUG: Loading theme file: /usr/share/btop/themes/HotPurpleTrafficLight.theme

2024/01/04 (13:54:41) | ===> btop++ v.1.2.13
2024/01/04 (13:54:41) | INFO: Logger set to DEBUG
2024/01/04 (13:54:41) | DEBUG: Using locale en_US.UTF-8
2024/01/04 (13:54:41) | INFO: Running on /dev/pts/1
2024/01/04 (13:54:41) | DEBUG: Loading theme file: /usr/share/btop/themes/HotPurpleTrafficLight.theme

2024/01/04 (13:55:31) | ===> btop++ v.1.2.13
2024/01/04 (13:55:31) | INFO: Logger set to DEBUG
2024/01/04 (13:55:31) | DEBUG: Using locale en_US.UTF-8
2024/01/04 (13:55:31) | INFO: Running on /dev/pts/1
2024/01/04 (13:55:31) | DEBUG: Loading theme file: /usr/share/btop/themes/HotPurpleTrafficLight.theme

2024/01/04 (13:56:50) | ===> btop++ v.1.2.13
2024/01/04 (13:56:50) | INFO: Logger set to DEBUG
2024/01/04 (13:56:50) | DEBUG: Using locale en_US.UTF-8
2024/01/04 (13:56:50) | INFO: Running on /dev/pts/1
2024/01/04 (13:56:50) | DEBUG: Loading theme file: /usr/share/btop/themes/HotPurpleTrafficLight.theme

2024/01/04 (13:57:02) | ===> btop++ v.1.2.13
2024/01/04 (13:57:02) | INFO: Logger set to DEBUG
2024/01/04 (13:57:02) | DEBUG: Using locale en_US.UTF-8
2024/01/04 (13:57:02) | INFO: Running on /dev/pts/1
2024/01/04 (13:57:02) | DEBUG: Loading theme file: /usr/share/btop/themes/HotPurpleTrafficLight.theme

2024/01/04 (14:04:51) | ===> btop++ v.1.2.13
2024/01/04 (14:04:51) | INFO: Logger set to DEBUG
2024/01/04 (14:04:51) | DEBUG: Using locale en_US.UTF-8
2024/01/04 (14:04:51) | INFO: Running on /dev/pts/1
2024/01/04 (14:04:51) | DEBUG: Loading theme file: /usr/share/btop/themes/HotPurpleTrafficLight.theme

2024/01/04 (14:14:59) | ===> btop++ v.1.2.13
2024/01/04 (14:14:59) | INFO: Logger set to DEBUG
2024/01/04 (14:14:59) | DEBUG: Using locale en_US.UTF-8
2024/01/04 (14:14:59) | INFO: Running on /dev/pts/0
2024/01/04 (14:14:59) | DEBUG: Loading theme file: /usr/share/btop/themes/HotPurpleTrafficLight.theme

2024/01/04 (14:17:54) | ===> btop++ v.1.2.13
2024/01/04 (14:17:54) | INFO: Logger set to DEBUG
2024/01/04 (14:17:54) | DEBUG: Using locale en_US.UTF-8
2024/01/04 (14:17:54) | INFO: Running on /dev/pts/0
2024/01/04 (14:17:54) | DEBUG: Loading theme file: /usr/share/btop/themes/HotPurpleTrafficLight.theme

2024/01/04 (15:01:20) | ===> btop++ v.1.2.13
2024/01/04 (15:01:20) | INFO: Logger set to DEBUG
2024/01/04 (15:01:20) | DEBUG: Using locale en_US.UTF-8
2024/01/04 (15:01:20) | INFO: Running on /dev/tty1
2024/01/04 (15:01:20) | INFO: Real tty detected: setting 16 color mode and using tty friendly graph symbols
2024/01/04 (15:02:34) | DEBUG: Writing new config file
2024/01/04 (15:02:34) | INFO: Quitting! Runtime: 00:01:14

2024/01/04 (15:04:47) | ===> btop++ v.1.2.13
2024/01/04 (15:04:47) | INFO: Logger set to DEBUG
2024/01/04 (15:04:47) | DEBUG: Using locale en_US.UTF-8
2024/01/04 (15:04:47) | INFO: Running on /dev/pts/1
2024/01/04 (15:04:47) | DEBUG: Loading theme file: /usr/share/btop/themes/HotPurpleTrafficLight.theme
2024/01/04 (15:04:49) | INFO: Quitting! Runtime: 00:00:02

2024/01/04 (16:20:39) | ===> btop++ v.1.2.13
2024/01/04 (16:20:39) | INFO: Logger set to DEBUG
2024/01/04 (16:20:39) | DEBUG: Using locale en_US.UTF-8
2024/01/04 (16:20:39) | INFO: Running on /dev/pts/1
2024/01/04 (16:20:39) | DEBUG: Loading theme file: /usr/share/btop/themes/HotPurpleTrafficLight.theme

2024/01/04 (21:01:49) | ===> btop++ v.1.2.13
2024/01/04 (21:01:49) | INFO: Logger set to DEBUG
2024/01/04 (21:01:49) | DEBUG: Using locale en_US.UTF-8
2024/01/04 (21:01:49) | INFO: Running on /dev/pts/1
2024/01/04 (21:01:49) | DEBUG: Loading theme file: /usr/share/btop/themes/HotPurpleTrafficLight.theme

2024/01/04 (21:05:34) | ===> btop++ v.1.2.13
2024/01/04 (21:05:34) | INFO: Logger set to DEBUG
2024/01/04 (21:05:34) | DEBUG: Using locale en_US.UTF-8
2024/01/04 (21:05:34) | INFO: Running on /dev/pts/0
2024/01/04 (21:05:34) | DEBUG: Loading theme file: /usr/share/btop/themes/HotPurpleTrafficLight.theme

2024/01/04 (21:17:21) | ===> btop++ v.1.2.13
2024/01/04 (21:17:21) | INFO: Logger set to DEBUG
2024/01/04 (21:17:21) | DEBUG: Using locale en_US.UTF-8
2024/01/04 (21:17:21) | INFO: Running on /dev/pts/1
2024/01/04 (21:17:21) | DEBUG: Loading theme file: /usr/share/btop/themes/HotPurpleTrafficLight.theme
2024/01/04 (21:19:21) | INFO: Quitting! Runtime: 00:02:00

2024/01/04 (21:28:03) | ===> btop++ v.1.2.13
2024/01/04 (21:28:03) | INFO: Logger set to DEBUG
2024/01/04 (21:28:03) | DEBUG: Using locale en_US.UTF-8
2024/01/04 (21:28:03) | INFO: Running on /dev/pts/0
2024/01/04 (21:28:03) | DEBUG: Loading theme file: /usr/share/btop/themes/HotPurpleTrafficLight.theme

2024/01/04 (21:28:32) | ===> btop++ v.1.2.13
2024/01/04 (21:28:32) | INFO: Logger set to DEBUG
2024/01/04 (21:28:32) | DEBUG: Using locale en_US.UTF-8
2024/01/04 (21:28:32) | INFO: Running on /dev/pts/0
2024/01/04 (21:28:32) | DEBUG: Loading theme file: /usr/share/btop/themes/HotPurpleTrafficLight.theme

2024/01/05 (01:46:23) | ===> btop++ v.1.2.13
2024/01/05 (01:46:23) | INFO: Logger set to DEBUG
2024/01/05 (01:46:23) | DEBUG: Using locale en_US.UTF-8
2024/01/05 (01:46:23) | INFO: Running on /dev/pts/0
2024/01/05 (01:46:23) | DEBUG: Loading theme file: /usr/share/btop/themes/HotPurpleTrafficLight.theme

2024/01/05 (02:00:57) | ===> btop++ v.1.2.13
2024/01/05 (02:00:57) | INFO: Logger set to DEBUG
2024/01/05 (02:00:57) | DEBUG: Using locale en_US.UTF-8
2024/01/05 (02:00:57) | INFO: Running on /dev/pts/0
2024/01/05 (02:00:57) | DEBUG: Loading theme file: /usr/share/btop/themes/HotPurpleTrafficLight.theme

2024/01/05 (02:08:45) | ===> btop++ v.1.2.13
2024/01/05 (02:08:45) | INFO: Logger set to DEBUG
2024/01/05 (02:08:45) | DEBUG: Using locale en_US.UTF-8
2024/01/05 (02:08:45) | INFO: Running on /dev/pts/0
2024/01/05 (02:08:45) | DEBUG: Loading theme file: /usr/share/btop/themes/HotPurpleTrafficLight.theme

2024/01/05 (11:20:49) | ===> btop++ v.1.2.13
2024/01/05 (11:20:49) | INFO: Logger set to DEBUG
2024/01/05 (11:20:49) | DEBUG: Using locale en_US.UTF-8
2024/01/05 (11:20:49) | INFO: Running on /dev/pts/0
2024/01/05 (11:20:49) | DEBUG: Loading theme file: /usr/share/btop/themes/HotPurpleTrafficLight.theme

2024/01/05 (13:37:53) | ===> btop++ v.1.2.13
2024/01/05 (13:37:53) | INFO: Logger set to DEBUG
2024/01/05 (13:37:53) | DEBUG: Using locale en_US.UTF-8
2024/01/05 (13:37:53) | INFO: Running on /dev/pts/1
2024/01/05 (13:37:53) | DEBUG: Loading theme file: /usr/share/btop/themes/HotPurpleTrafficLight.theme
